2026-02-09 12:39:17,816 - INFO - Running as script, checking dependencies...
2026-02-09 12:39:18,055 - INFO - All imports successful
2026-02-09 12:39:18,055 - INFO - Script mode: Config stored in shop_config.json
2026-02-09 12:39:20,263 - INFO - Home route accessed
2026-02-09 12:39:34,062 - INFO - Running as script, checking dependencies...
2026-02-09 12:39:34,304 - INFO - All imports successful
2026-02-09 12:39:34,304 - INFO - Script mode: Config stored in shop_config.json
2026-02-09 12:39:36,519 - INFO - Home route accessed
2026-02-09 12:43:47,983 - INFO - Running as script, checking dependencies...
2026-02-09 12:43:48,234 - INFO - All imports successful
2026-02-09 12:43:48,234 - INFO - Script mode: Config stored in shop_config.json
2026-02-09 12:43:50,452 - INFO - Home route accessed
2026-02-09 12:44:46,953 - INFO - Running as script, checking dependencies...
2026-02-09 12:44:47,192 - INFO - All imports successful
2026-02-09 12:44:47,193 - INFO - Script mode: Config stored in shop_config.json
2026-02-09 12:44:49,391 - INFO - Home route accessed
2026-02-09 12:45:20,310 - INFO - Setup API called
2026-02-09 12:45:20,976 - INFO - Configuration saved
2026-02-09 12:45:22,014 - INFO - Home route accessed
2026-02-09 12:45:22,094 - INFO - Get data API called
2026-02-09 12:45:22,676 - INFO - Loaded 5 products
2026-02-09 12:45:36,028 - INFO - Upload API called
2026-02-09 12:45:38,578 - INFO - Updated product at index 0
2026-02-09 12:45:41,007 - INFO - Get data API called
2026-02-09 12:45:41,605 - INFO - Loaded 5 products
2026-02-09 12:46:17,886 - INFO - Home route accessed
2026-02-09 12:46:17,931 - INFO - Get data API called
2026-02-09 12:46:18,696 - INFO - Loaded 5 products
2026-02-09 12:46:25,844 - INFO - Update categories API called
2026-02-09 12:46:34,092 - INFO - Update categories API called
2026-02-09 12:46:35,931 - INFO - Home route accessed
2026-02-09 12:46:35,989 - INFO - Get data API called
2026-02-09 12:46:36,519 - INFO - Loaded 5 products
2026-02-09 12:46:51,897 - INFO - Update categories API called
2026-02-09 12:47:10,167 - INFO - Update categories API called
2026-02-09 12:47:17,162 - INFO - Update categories API called
2026-02-09 12:47:30,720 - INFO - Get data API called
2026-02-09 12:47:31,260 - INFO - Loaded 5 products
2026-02-09 12:52:17,905 - INFO - Running as script, checking dependencies...
2026-02-09 12:52:18,153 - INFO - All imports successful
2026-02-09 12:52:18,153 - INFO - Script mode: Config stored in shop_config.json
2026-02-09 12:52:20,339 - INFO - Home route accessed
2026-02-09 12:52:20,483 - INFO - Get data API called
2026-02-09 12:52:20,949 - INFO - Loaded 5 products
2026-02-09 12:52:47,700 - INFO - Running as script, checking dependencies...
2026-02-09 12:52:47,965 - INFO - All imports successful
2026-02-09 12:52:47,966 - INFO - Script mode: Config stored in shop_config.json
2026-02-09 12:52:50,158 - INFO - Home route accessed
2026-02-09 12:52:50,308 - INFO - Get data API called
2026-02-09 12:52:50,875 - INFO - Loaded 5 products
